!SESSION 2014-04-02 23:38:40.196 -----------------------------------------------
eclipse.buildId=unknown
java.version=1.7.0_17
java.vendor=Oracle Corporation
BootLoader constants: OS=macosx, ARCH=x86_64, WS=carbon, NL=zh_CN
Command-line arguments:  -configuration conf -clean

!ENTRY com.boroborme.ma.model 4 0 2014-04-02 23:38:40.941
!MESSAGE 
!STACK 0
org.osgi.framework.BundleException: The activator com.boroborme.ma.model.bundle.Activator for bundle com.boroborme.ma.model is invalid
	at org.eclipse.osgi.framework.internal.core.AbstractBundle.loadBundleActivator(AbstractBundle.java:157)
	at org.eclipse.osgi.framework.internal.core.BundleContextImpl.start(BundleContextImpl.java:751)
	at org.eclipse.osgi.framework.internal.core.BundleHost.startWorker(BundleHost.java:352)
	at org.eclipse.osgi.framework.internal.core.AbstractBundle.resume(AbstractBundle.java:370)
	at org.eclipse.osgi.framework.internal.core.Framework.resumeBundle(Framework.java:1068)
	at org.eclipse.osgi.framework.internal.core.StartLevelManager.resumeBundles(StartLevelManager.java:557)
	at org.eclipse.osgi.framework.internal.core.StartLevelManager.incFWSL(StartLevelManager.java:464)
	at org.eclipse.osgi.framework.internal.core.StartLevelManager.doSetStartLevel(StartLevelManager.java:248)
	at org.eclipse.osgi.framework.internal.core.StartLevelManager.dispatchEvent(StartLevelManager.java:445)
	at org.eclipse.osgi.framework.eventmgr.EventManager.dispatchEvent(EventManager.java:227)
	at org.eclipse.osgi.framework.eventmgr.EventManager$EventThread.run(EventManager.java:337)
Caused by: java.lang.ClassNotFoundException: com.boroborme.ma.model.bundle.Activator
	at org.eclipse.osgi.internal.loader.BundleLoader.findClassInternal(BundleLoader.java:494)
	at org.eclipse.osgi.internal.loader.BundleLoader.findClass(BundleLoader.java:410)
	at org.eclipse.osgi.internal.loader.BundleLoader.findClass(BundleLoader.java:398)
	at org.eclipse.osgi.internal.baseadaptor.DefaultClassLoader.loadClass(DefaultClassLoader.java:105)
	at java.lang.ClassLoader.loadClass(ClassLoader.java:356)
	at org.eclipse.osgi.internal.loader.BundleLoader.loadClass(BundleLoader.java:326)
	at org.eclipse.osgi.framework.internal.core.BundleHost.loadClass(BundleHost.java:231)
	at org.eclipse.osgi.framework.internal.core.AbstractBundle.loadBundleActivator(AbstractBundle.java:150)
	... 10 more
Root exception:
java.lang.ClassNotFoundException: com.boroborme.ma.model.bundle.Activator
	at org.eclipse.osgi.internal.loader.BundleLoader.findClassInternal(BundleLoader.java:494)
	at org.eclipse.osgi.internal.loader.BundleLoader.findClass(BundleLoader.java:410)
	at org.eclipse.osgi.internal.loader.BundleLoader.findClass(BundleLoader.java:398)
	at org.eclipse.osgi.internal.baseadaptor.DefaultClassLoader.loadClass(DefaultClassLoader.java:105)
	at java.lang.ClassLoader.loadClass(ClassLoader.java:356)
	at org.eclipse.osgi.internal.loader.BundleLoader.loadClass(BundleLoader.java:326)
	at org.eclipse.osgi.framework.internal.core.BundleHost.loadClass(BundleHost.java:231)
	at org.eclipse.osgi.framework.internal.core.AbstractBundle.loadBundleActivator(AbstractBundle.java:150)
	at org.eclipse.osgi.framework.internal.core.BundleContextImpl.start(BundleContextImpl.java:751)
	at org.eclipse.osgi.framework.internal.core.BundleHost.startWorker(BundleHost.java:352)
	at org.eclipse.osgi.framework.internal.core.AbstractBundle.resume(AbstractBundle.java:370)
	at org.eclipse.osgi.framework.internal.core.Framework.resumeBundle(Framework.java:1068)
	at org.eclipse.osgi.framework.internal.core.StartLevelManager.resumeBundles(StartLevelManager.java:557)
	at org.eclipse.osgi.framework.internal.core.StartLevelManager.incFWSL(StartLevelManager.java:464)
	at org.eclipse.osgi.framework.internal.core.StartLevelManager.doSetStartLevel(StartLevelManager.java:248)
	at org.eclipse.osgi.framework.internal.core.StartLevelManager.dispatchEvent(StartLevelManager.java:445)
	at org.eclipse.osgi.framework.eventmgr.EventManager.dispatchEvent(EventManager.java:227)
	at org.eclipse.osgi.framework.eventmgr.EventManager$EventThread.run(EventManager.java:337)

!ENTRY org.eclipse.osgi 4 0 2014-04-02 23:38:40.948
!MESSAGE Bundle com.boroborme.ma.model_1.0.0.0 [5] is not active.
